{"meta": {"format": 3, "version": "7.13.0", "timestamp": "2026-03-10T07:02:08.852366", "branch_coverage": false, "show_contexts": false}, "files": {"src/__init__.py": {"executed_lines": [0], "summary": {"covered_lines": 0, "num_statements": 0, "percent_covered": 100.0, "percent_covered_display": "100", "missing_lines": 0, "excluded_lines": 0, "percent_statements_covered": 100.0, "percent_statements_covered_display": "100"}, "missing_lines": [], "excluded_lines": [], "functions": {"": {"executed_lines": [], "summary": {"covered_lines": 0, "num_statements": 0, "percent_covered": 100.0, "percent_covered_display": "100", "missing_lines": 0, "excluded_lines": 0, "percent_statements_covered": 100.0, "percent_statements_covered_display": "100"}, "missing_lines": [], "excluded_lines": []}}, "classes": {"": {"executed_lines": [], "summary": {"covered_lines": 0, "num_statements": 0, "percent_covered": 100.0, "percent_covered_display": "100", "missing_lines": 0, "excluded_lines": 0, "percent_statements_covered": 100.0, "percent_statements_covered_display": "100"}, "missing_lines": [], "excluded_lines": []}}}, "src/__main__.py": {"executed_lines": [1, 8, 10, 11, 12, 14, 16, 20, 21, 27, 30, 31, 34, 39, 42, 45, 48, 49, 77, 78, 79, 80, 89, 90, 91, 109, 110, 118, 119, 128, 129, 137, 138, 139, 148, 149, 165, 166, 167, 168, 176, 177, 178, 183, 184, 185, 194, 195, 244, 245, 246, 247, 248, 257, 260, 261, 262, 263, 275, 276, 284, 285, 291, 293, 294, 295, 304, 305, 321, 334, 348, 350, 352, 353, 355, 356, 359], "summary": {"covered_lines": 76, "num_statements": 77, "percent_covered": 98.7012987012987, "percent_covered_display": "99", "missing_lines": 1, "excluded_lines": 0, "percent_statements_covered": 98.7012987012987, "percent_statements_covered_display": "99"}, "missing_lines": [360], "excluded_lines": [], "functions": {"get_transcript": {"executed_lines": [77, 78, 79, 80, 89, 90, 91, 109, 110, 118, 119, 128, 129, 137, 138, 139], "summary": {"covered_lines": 16, "num_statements": 16, "percent_covered": 100.0, "percent_covered_display": "100", "missing_lines": 0, "excluded_lines": 0, "percent_statements_covered": 100.0, "percent_statements_covered_display": "100"}, "missing_lines": [], "excluded_lines": []}, "list_available_transcripts": {"executed_lines": [165, 166, 167, 168, 176, 177, 178, 183, 184, 185], "summary": {"covered_lines": 10, "num_statements": 10, "percent_covered": 100.0, "percent_covered_display": "100", "missing_lines": 0, "excluded_lines": 0, "percent_statements_covered": 100.0, "percent_statements_covered_display": "100"}, "missing_lines": [], "excluded_lines": []}, "extract_insights": {"executed_lines": [244, 245, 246, 247, 248, 257, 260, 261, 262, 263, 275, 276, 284, 285, 291, 293, 294, 295], "summary": {"covered_lines": 18, "num_statements": 18, "percent_covered": 100.0, "percent_covered_display": "100", "missing_lines": 0, "excluded_lines": 0, "percent_statements_covered": 100.0, "percent_statements_covered_display": "100"}, "missing_lines": [], "excluded_lines": []}, "list_focus_areas": {"executed_lines": [321], "summary": {"covered_lines": 1, "num_statements": 1, "percent_covered": 100.0, "percent_covered_display": "100", "missing_lines": 0, "excluded_lines": 0, "percent_statements_covered": 100.0, "percent_statements_covered_display": "100"}, "missing_lines": [], "excluded_lines": []}, "_entry_point": {"executed_lines": [348, 350, 352, 353, 355, 356], "summary": {"covered_lines": 6, "num_statements": 6, "percent_covered": 100.0, "percent_covered_display": "100", "missing_lines": 0, "excluded_lines": 0, "percent_statements_covered": 100.0, "percent_statements_covered_display": "100"}, "missing_lines": [], "excluded_lines": []}, "": {"executed_lines": [1, 8, 10, 11, 12, 14, 16, 20, 21, 27, 30, 31, 34, 39, 42, 45, 48, 49, 148, 149, 194, 195, 304, 305, 334, 359], "summary": {"covered_lines": 25, "num_statements": 26, "percent_covered": 96.15384615384616, "percent_covered_display": "96", "missing_lines": 1, "excluded_lines": 0, "percent_statements_covered": 96.15384615384616, "percent_statements_covered_display": "96"}, "missing_lines": [360], "excluded_lines": []}}, "classes": {"": {"executed_lines": [1, 8, 10, 11, 12, 14, 16, 20, 21, 27, 30, 31, 34, 39, 42, 45, 48, 49, 77, 78, 79, 80, 89, 90, 91, 109, 110, 118, 119, 128, 129, 137, 138, 139, 148, 149, 165, 166, 167, 168, 176, 177, 178, 183, 184, 185, 194, 195, 244, 245, 246, 247, 248, 257, 260, 261, 262, 263, 275, 276, 284, 285, 291, 293, 294, 295, 304, 305, 321, 334, 348, 350, 352, 353, 355, 356, 359], "summary": {"covered_lines": 76, "num_statements": 77, "percent_covered": 98.7012987012987, "percent_covered_display": "99", "missing_lines": 1, "excluded_lines": 0, "percent_statements_covered": 98.7012987012987, "percent_statements_covered_display": "99"}, "missing_lines": [360], "excluded_lines": []}}}, "src/cli.py": {"executed_lines": [1, 10, 12, 13, 14, 15, 16, 17, 19, 22, 32, 37, 40, 46, 50, 56, 60, 64, 69, 76, 80, 86, 90, 94, 105, 110, 118, 123, 126, 132, 135, 144, 145, 146, 149, 162, 163, 165, 173, 174, 176, 177, 178, 179, 243, 244, 245, 252, 253, 254, 255, 263, 264, 265, 266, 275, 276, 280, 281, 282, 289, 290, 298, 299, 307, 308, 309, 311, 312, 313, 314, 322, 323, 324, 330, 331, 333, 334, 335, 337, 339, 346, 347, 349, 373, 386, 387, 389, 390, 391], "summary": {"covered_lines": 89, "num_statements": 104, "percent_covered": 85.57692307692308, "percent_covered_display": "86", "missing_lines": 15, "excluded_lines": 0, "percent_statements_covered": 85.57692307692308, "percent_statements_covered_display": "86"}, "missing_lines": [188, 189, 191, 192, 193, 208, 210, 217, 218, 225, 226, 227, 234, 235, 364], "excluded_lines": [], "functions": {"make_parser": {"executed_lines": [32, 37, 40, 46, 50, 56, 60, 64, 69, 76, 80, 86, 90, 94, 105, 110, 118, 123], "summary": {"covered_lines": 18, "num_statements": 18, "percent_covered": 100.0, "percent_covered_display": "100", "missing_lines": 0, "excluded_lines": 0, "percent_statements_covered": 100.0, "percent_statements_covered_display": "100"}, "missing_lines": [], "excluded_lines": []}, "output_json": {"executed_lines": [132], "summary": {"covered_lines": 1, "num_statements": 1, "percent_covered": 100.0, "percent_covered_display": "100", "missing_lines": 0, "excluded_lines": 0, "percent_statements_covered": 100.0, "percent_statements_covered_display": "100"}, "missing_lines": [], "excluded_lines": []}, "exit_code_from_result": {"executed_lines": [144, 145, 146], "summary": {"covered_lines": 3, "num_statements": 3, "percent_covered": 100.0, "percent_covered_display": "100", "missing_lines": 0, "excluded_lines": 0, "percent_statements_covered": 100.0, "percent_statements_covered_display": "100"}, "missing_lines": [], "excluded_lines": []}, "run_command": {"executed_lines": [162, 163, 165, 173, 174, 176, 177, 178, 179, 243, 244, 245, 252, 253, 254, 255, 263, 264, 265, 266, 275, 276, 280, 281, 282, 289, 290, 298, 299, 307, 308, 309, 311, 312, 313, 314, 322, 323, 324, 330, 331, 333, 334, 335, 337, 339, 346, 347, 349], "summary": {"covered_lines": 49, "num_statements": 64, "percent_covered": 76.5625, "percent_covered_display": "77", "missing_lines": 15, "excluded_lines": 0, "percent_statements_covered": 76.5625, "percent_statements_covered_display": "77"}, "missing_lines": [188, 189, 191, 192, 193, 208, 210, 217, 218, 225, 226, 227, 234, 235, 364], "excluded_lines": []}, "main": {"executed_lines": [386, 387, 389, 390, 391], "summary": {"covered_lines": 5, "num_statements": 5, "percent_covered": 100.0, "percent_covered_display": "100", "missing_lines": 0, "excluded_lines": 0, "percent_statements_covered": 100.0, "percent_statements_covered_display": "100"}, "missing_lines": [], "excluded_lines": []}, "": {"executed_lines": [1, 10, 12, 13, 14, 15, 16, 17, 19, 22, 126, 135, 149, 373], "summary": {"covered_lines": 13, "num_statements": 13, "percent_covered": 100.0, "percent_covered_display": "100", "missing_lines": 0, "excluded_lines": 0, "percent_statements_covered": 100.0, "percent_statements_covered_display": "100"}, "missing_lines": [], "excluded_lines": []}}, "classes": {"": {"executed_lines": [1, 10, 12, 13, 14, 15, 16, 17, 19, 22, 32, 37, 40, 46, 50, 56, 60, 64, 69, 76, 80, 86, 90, 94, 105, 110, 118, 123, 126, 132, 135, 144, 145, 146, 149, 162, 163, 165, 173, 174, 176, 177, 178, 179, 243, 244, 245, 252, 253, 254, 255, 263, 264, 265, 266, 275, 276, 280, 281, 282, 289, 290, 298, 299, 307, 308, 309, 311, 312, 313, 314, 322, 323, 324, 330, 331, 333, 334, 335, 337, 339, 346, 347, 349, 373, 386, 387, 389, 390, 391], "summary": {"covered_lines": 89, "num_statements": 104, "percent_covered": 85.57692307692308, "percent_covered_display": "86", "missing_lines": 15, "excluded_lines": 0, "percent_statements_covered": 85.57692307692308, "percent_statements_covered_display": "86"}, "missing_lines": [188, 189, 191, 192, 193, 208, 210, 217, 218, 225, 226, 227, 234, 235, 364], "excluded_lines": []}}}, "src/models/__init__.py": {"executed_lines": [1], "summary": {"covered_lines": 0, "num_statements": 0, "percent_covered": 100.0, "percent_covered_display": "100", "missing_lines": 0, "excluded_lines": 0, "percent_statements_covered": 100.0, "percent_statements_covered_display": "100"}, "missing_lines": [], "excluded_lines": [], "functions": {"": {"executed_lines": [1], "summary": {"covered_lines": 0, "num_statements": 0, "percent_covered": 100.0, "percent_covered_display": "100", "missing_lines": 0, "excluded_lines": 0, "percent_statements_covered": 100.0, "percent_statements_covered_display": "100"}, "missing_lines": [], "excluded_lines": []}}, "classes": {"": {"executed_lines": [1], "summary": {"covered_lines": 0, "num_statements": 0, "percent_covered": 100.0, "percent_covered_display": "100", "missing_lines": 0, "excluded_lines": 0, "percent_statements_covered": 100.0, "percent_statements_covered_display": "100"}, "missing_lines": [], "excluded_lines": []}}}, "src/models/insight.py": {"executed_lines": [1, 7, 9, 11, 14, 15, 17, 18, 19, 20, 21, 22, 25, 26, 32, 33, 34, 35, 38, 39, 40, 41, 44, 45, 46, 47, 50, 51, 52, 53, 56, 57, 58, 59, 62, 63, 64, 65, 68, 69, 71, 72, 73, 76, 79, 82, 85, 90, 91, 93, 94, 95, 98, 99, 101, 102, 103, 104, 105, 106, 107, 111, 152], "summary": {"covered_lines": 57, "num_statements": 57, "percent_covered": 100.0, "percent_covered_display": "100", "missing_lines": 0, "excluded_lines": 0, "percent_statements_covered": 100.0, "percent_statements_covered_display": "100"}, "missing_lines": [], "excluded_lines": [], "functions": {"": {"executed_lines": [1, 7, 9, 11, 14, 15, 17, 18, 19, 20, 21, 22, 25, 26, 32, 33, 34, 35, 38, 39, 40, 41, 44, 45, 46, 47, 50, 51, 52, 53, 56, 57, 58, 59, 62, 63, 64, 65, 68, 69, 71, 72, 73, 76, 79, 82, 85, 90, 91, 93, 94, 95, 98, 99, 101, 102, 103, 104, 105, 106, 107, 111, 152], "summary": {"covered_lines": 57, "num_statements": 57, "percent_covered": 100.0, "percent_covered_display": "100", "missing_lines": 0, "excluded_lines": 0, "percent_statements_covered": 100.0, "percent_statements_covered_display": "100"}, "missing_lines": [], "excluded_lines": []}}, "classes": {"FocusArea": {"executed_lines": [], "summary": {"covered_lines": 0, "num_statements": 0, "percent_covered": 100.0, "percent_covered_display": "100", "missing_lines": 0, "excluded_lines": 0, "percent_statements_covered": 100.0, "percent_statements_covered_display": "100"}, "missing_lines": [], "excluded_lines": []}, "InsightCategory": {"executed_lines": [], "summary": {"covered_lines": 0, "num_statements": 0, "percent_covered": 100.0, "percent_covered_display": "100", "missing_lines": 0, "excluded_lines": 0, "percent_statements_covered": 100.0, "percent_statements_covered_display": "100"}, "missing_lines": [], "excluded_lines": []}, "Insight": {"executed_lines": [], "summary": {"covered_lines": 0, "num_statements": 0, "percent_covered": 100.0, "percent_covered_display": "100", "missing_lines": 0, "excluded_lines": 0, "percent_statements_covered": 100.0, "percent_statements_covered_display": "100"}, "missing_lines": [], "excluded_lines": []}, "KeyQuote": {"executed_lines": [], "summary": {"covered_lines": 0, "num_statements": 0, "percent_covered": 100.0, "percent_covered_display": "100", "missing_lines": 0, "excluded_lines": 0, "percent_statements_covered": 100.0, "percent_statements_covered_display": "100"}, "missing_lines": [], "excluded_lines": []}, "InsightExtractionResult": {"executed_lines": [], "summary": {"covered_lines": 0, "num_statements": 0, "percent_covered": 100.0, "percent_covered_display": "100", "missing_lines": 0, "excluded_lines": 0, "percent_statements_covered": 100.0, "percent_statements_covered_display": "100"}, "missing_lines": [], "excluded_lines": []}, "": {"executed_lines": [1, 7, 9, 11, 14, 15, 17, 18, 19, 20, 21, 22, 25, 26, 32, 33, 34, 35, 38, 39, 40, 41, 44, 45, 46, 47, 50, 51, 52, 53, 56, 57, 58, 59, 62, 63, 64, 65, 68, 69, 71, 72, 73, 76, 79, 82, 85, 90, 91, 93, 94, 95, 98, 99, 101, 102, 103, 104, 105, 106, 107, 111, 152], "summary": {"covered_lines": 57, "num_statements": 57, "percent_covered": 100.0, "percent_covered_display": "100", "missing_lines": 0, "excluded_lines": 0, "percent_statements_covered": 100.0, "percent_statements_covered_display": "100"}, "missing_lines": [], "excluded_lines": []}}}, "src/services/__init__.py": {"executed_lines": [1], "summary": {"covered_lines": 0, "num_statements": 0, "percent_covered": 100.0, "percent_covered_display": "100", "missing_lines": 0, "excluded_lines": 0, "percent_statements_covered": 100.0, "percent_statements_covered_display": "100"}, "missing_lines": [], "excluded_lines": [], "functions": {"": {"executed_lines": [1], "summary": {"covered_lines": 0, "num_statements": 0, "percent_covered": 100.0, "percent_covered_display": "100", "missing_lines": 0, "excluded_lines": 0, "percent_statements_covered": 100.0, "percent_statements_covered_display": "100"}, "missing_lines": [], "excluded_lines": []}}, "classes": {"": {"executed_lines": [1], "summary": {"covered_lines": 0, "num_statements": 0, "percent_covered": 100.0, "percent_covered_display": "100", "missing_lines": 0, "excluded_lines": 0, "percent_statements_covered": 100.0, "percent_statements_covered_display": "100"}, "missing_lines": [], "excluded_lines": []}}}, "src/services/insight_extractor.py": {"executed_lines": [1, 14, 16, 17, 19, 25, 28, 47, 48, 50, 51, 52, 53, 54, 56, 57, 58, 61, 62, 63, 64, 65, 66, 67, 70, 89, 91, 95, 135, 149, 150, 151, 152, 153, 154, 155, 158, 159, 161, 162, 165, 186, 187, 189, 191, 192, 194, 196, 198, 199, 200, 201, 203, 204, 206, 207, 210, 212, 213, 215, 219, 220, 221, 222, 224, 226, 229, 259, 260, 262, 263, 265], "summary": {"covered_lines": 71, "num_statements": 72, "percent_covered": 98.61111111111111, "percent_covered_display": "99", "missing_lines": 1, "excluded_lines": 0, "percent_statements_covered": 98.61111111111111, "percent_statements_covered_display": "99"}, "missing_lines": [160], "excluded_lines": [], "functions": {"get_focus_categories": {"executed_lines": [47, 48, 50, 51, 52, 53, 54, 56, 57, 58, 61, 62, 63, 64, 65, 66, 67], "summary": {"covered_lines": 17, "num_statements": 17, "percent_covered": 100.0, "percent_covered_display": "100", "missing_lines": 0, "excluded_lines": 0, "percent_statements_covered": 100.0, "percent_statements_covered_display": "100"}, "missing_lines": [], "excluded_lines": []}, "build_extraction_prompt": {"executed_lines": [89, 91, 95], "summary": {"covered_lines": 3, "num_statements": 3, "percent_covered": 100.0, "percent_covered_display": "100", "missing_lines": 0, "excluded_lines": 0, "percent_statements_covered": 100.0, "percent_statements_covered_display": "100"}, "missing_lines": [], "excluded_lines": []}, "_force_split": {"executed_lines": [149, 150, 151, 152, 153, 154, 155, 158, 159, 161, 162], "summary": {"covered_lines": 11, "num_statements": 12, "percent_covered": 91.66666666666667, "percent_covered_display": "92", "missing_lines": 1, "excluded_lines": 0, "percent_statements_covered": 91.66666666666667, "percent_statements_covered_display": "92"}, "missing_lines": [160], "excluded_lines": []}, "chunk_transcript": {"executed_lines": [186, 187, 189, 191, 192, 194, 196, 198, 199, 200, 201, 203, 204, 206, 207, 210, 212, 213, 215, 219, 220, 221, 222, 224, 226], "summary": {"covered_lines": 25, "num_statements": 25, "percent_covered": 100.0, "percent_covered_display": "100", "missing_lines": 0, "excluded_lines": 0, "percent_statements_covered": 100.0, "percent_statements_covered_display": "100"}, "missing_lines": [], "excluded_lines": []}, "prepare_for_extraction": {"executed_lines": [259, 260, 262, 263, 265], "summary": {"covered_lines": 5, "num_statements": 5, "percent_covered": 100.0, "percent_covered_display": "100", "missing_lines": 0, "excluded_lines": 0, "percent_statements_covered": 100.0, "percent_statements_covered_display": "100"}, "missing_lines": [], "excluded_lines": []}, "": {"executed_lines": [1, 14, 16, 17, 19, 25, 28, 70, 135, 165, 229], "summary": {"covered_lines": 10, "num_statements": 10, "percent_covered": 100.0, "percent_covered_display": "100", "missing_lines": 0, "excluded_lines": 0, "percent_statements_covered": 100.0, "percent_statements_covered_display": "100"}, "missing_lines": [], "excluded_lines": []}}, "classes": {"": {"executed_lines": [1, 14, 16, 17, 19, 25, 28, 47, 48, 50, 51, 52, 53, 54, 56, 57, 58, 61, 62, 63, 64, 65, 66, 67, 70, 89, 91, 95, 135, 149, 150, 151, 152, 153, 154, 155, 158, 159, 161, 162, 165, 186, 187, 189, 191, 192, 194, 196, 198, 199, 200, 201, 203, 204, 206, 207, 210, 212, 213, 215, 219, 220, 221, 222, 224, 226, 229, 259, 260, 262, 263, 265], "summary": {"covered_lines": 71, "num_statements": 72, "percent_covered": 98.61111111111111, "percent_covered_display": "99", "missing_lines": 1, "excluded_lines": 0, "percent_statements_covered": 98.61111111111111, "percent_statements_covered_display": "99"}, "missing_lines": [160], "excluded_lines": []}}}, "src/services/transcript_client.py": {"executed_lines": [1, 8, 10, 11, 12, 13, 15, 16, 22, 30, 31, 32, 34, 35, 36, 39, 40, 41, 43, 44, 45, 46, 47, 48, 49, 50, 58, 59, 62, 63, 66, 67, 74, 79, 80, 83, 84, 92, 93, 99, 100, 104, 138, 159, 182, 249, 272], "summary": {"covered_lines": 39, "num_statements": 92, "percent_covered": 42.391304347826086, "percent_covered_display": "42", "missing_lines": 53, "excluded_lines": 0, "percent_statements_covered": 42.391304347826086, "percent_statements_covered_display": "42"}, "missing_lines": [130, 131, 134, 135, 136, 149, 150, 153, 154, 155, 165, 166, 167, 169, 170, 172, 173, 177, 178, 194, 195, 196, 198, 199, 208, 209, 213, 217, 218, 221, 222, 223, 226, 227, 230, 231, 234, 235, 238, 239, 244, 245, 246, 247, 257, 258, 259, 267, 268, 282, 291, 292, 294], "excluded_lines": [], "functions": {"NoTranscriptFoundError.__init__": {"executed_lines": [79, 80], "summary": {"covered_lines": 2, "num_statements": 2, "percent_covered": 100.0, "percent_covered_display": "100", "missing_lines": 0, "excluded_lines": 0, "percent_statements_covered": 100.0, "percent_statements_covered_display": "100"}, "missing_lines": [], "excluded_lines": []}, "TranscriptClient.__init__": {"executed_lines": [100], "summary": {"covered_lines": 1, "num_statements": 1, "percent_covered": 100.0, "percent_covered_display": "100", "missing_lines": 0, "excluded_lines": 0, "percent_statements_covered": 100.0, "percent_statements_covered_display": "100"}, "missing_lines": [], "excluded_lines": []}, "TranscriptClient.get_transcript": {"executed_lines": [], "summary": {"covered_lines": 0, "num_statements": 5, "percent_covered": 0.0, "percent_covered_display": "0", "missing_lines": 5, "excluded_lines": 0, "percent_statements_covered": 0.0, "percent_statements_covered_display": "0"}, "missing_lines": [130, 131, 134, 135, 136], "excluded_lines": []}, "TranscriptClient.list_transcripts": {"executed_lines": [], "summary": {"covered_lines": 0, "num_statements": 5, "percent_covered": 0.0, "percent_covered_display": "0", "missing_lines": 5, "excluded_lines": 0, "percent_statements_covered": 0.0, "percent_statements_covered_display": "0"}, "missing_lines": [149, 150, 153, 154, 155], "excluded_lines": []}, "TranscriptClient._sync_get_transcript": {"executed_lines": [], "summary": {"covered_lines": 0, "num_statements": 9, "percent_covered": 0.0, "percent_covered_display": "0", "missing_lines": 9, "excluded_lines": 0, "percent_statements_covered": 0.0, "percent_statements_covered_display": "0"}, "missing_lines": [165, 166, 167, 169, 170, 172, 173, 177, 178], "excluded_lines": []}, "TranscriptClient._fetch_with_fallback": {"executed_lines": [], "summary": {"covered_lines": 0, "num_statements": 25, "percent_covered": 0.0, "percent_covered_display": "0", "missing_lines": 25, "excluded_lines": 0, "percent_statements_covered": 0.0, "percent_statements_covered_display": "0"}, "missing_lines": [194, 195, 196, 198, 199, 208, 209, 213, 217, 218, 221, 222, 223, 226, 227, 230, 231, 234, 235, 238, 239, 244, 245, 246, 247], "excluded_lines": []}, "TranscriptClient._sync_list_transcripts": {"executed_lines": [], "summary": {"covered_lines": 0, "num_statements": 5, "percent_covered": 0.0, "percent_covered_display": "0", "missing_lines": 5, "excluded_lines": 0, "percent_statements_covered": 0.0, "percent_statements_covered_display": "0"}, "missing_lines": [257, 258, 259, 267, 268], "excluded_lines": []}, "TranscriptClient._build_result": {"executed_lines": [], "summary": {"covered_lines": 0, "num_statements": 4, "percent_covered": 0.0, "percent_covered_display": "0", "missing_lines": 4, "excluded_lines": 0, "percent_statements_covered": 0.0, "percent_statements_covered_display": "0"}, "missing_lines": [282, 291, 292, 294], "excluded_lines": []}, "": {"executed_lines": [1, 8, 10, 11, 12, 13, 15, 16, 22, 30, 31, 32, 34, 35, 36, 39, 40, 41, 43, 44, 45, 46, 47, 48, 49, 50, 58, 59, 62, 63, 66, 67, 74, 83, 84, 92, 93, 99, 104, 138, 159, 182, 249, 272], "summary": {"covered_lines": 36, "num_statements": 36, "percent_covered": 100.0, "percent_covered_display": "100", "missing_lines": 0, "excluded_lines": 0, "percent_statements_covered": 100.0, "percent_statements_covered_display": "100"}, "missing_lines": [], "excluded_lines": []}}, "classes": {"TranscriptSegment": {"executed_lines": [], "summary": {"covered_lines": 0, "num_statements": 0, "percent_covered": 100.0, "percent_covered_display": "100", "missing_lines": 0, "excluded_lines": 0, "percent_statements_covered": 100.0, "percent_statements_covered_display": "100"}, "missing_lines": [], "excluded_lines": []}, "TranscriptResult": {"executed_lines": [], "summary": {"covered_lines": 0, "num_statements": 0, "percent_covered": 100.0, "percent_covered_display": "100", "missing_lines": 0, "excluded_lines": 0, "percent_statements_covered": 100.0, "percent_statements_covered_display": "100"}, "missing_lines": [], "excluded_lines": []}, "TranscriptClientError": {"executed_lines": [], "summary": {"covered_lines": 0, "num_statements": 0, "percent_covered": 100.0, "percent_covered_display": "100", "missing_lines": 0, "excluded_lines": 0, "percent_statements_covered": 100.0, "percent_statements_covered_display": "100"}, "missing_lines": [], "excluded_lines": []}, "TranscriptsDisabledError": {"executed_lines": [], "summary": {"covered_lines": 0, "num_statements": 0, "percent_covered": 100.0, "percent_covered_display": "100", "missing_lines": 0, "excluded_lines": 0, "percent_statements_covered": 100.0, "percent_statements_covered_display": "100"}, "missing_lines": [], "excluded_lines": []}, "NoTranscriptFoundError": {"executed_lines": [79, 80], "summary": {"covered_lines": 2, "num_statements": 2, "percent_covered": 100.0, "percent_covered_display": "100", "missing_lines": 0, "excluded_lines": 0, "percent_statements_covered": 100.0, "percent_statements_covered_display": "100"}, "missing_lines": [], "excluded_lines": []}, "VideoUnavailableError": {"executed_lines": [], "summary": {"covered_lines": 0, "num_statements": 0, "percent_covered": 100.0, "percent_covered_display": "100", "missing_lines": 0, "excluded_lines": 0, "percent_statements_covered": 100.0, "percent_statements_covered_display": "100"}, "missing_lines": [], "excluded_lines": []}, "TranscriptClient": {"executed_lines": [100], "summary": {"covered_lines": 1, "num_statements": 54, "percent_covered": 1.8518518518518519, "percent_covered_display": "2", "missing_lines": 53, "excluded_lines": 0, "percent_statements_covered": 1.8518518518518519, "percent_statements_covered_display": "2"}, "missing_lines": [130, 131, 134, 135, 136, 149, 150, 153, 154, 155, 165, 166, 167, 169, 170, 172, 173, 177, 178, 194, 195, 196, 198, 199, 208, 209, 213, 217, 218, 221, 222, 223, 226, 227, 230, 231, 234, 235, 238, 239, 244, 245, 246, 247, 257, 258, 259, 267, 268, 282, 291, 292, 294], "excluded_lines": []}, "": {"executed_lines": [1, 8, 10, 11, 12, 13, 15, 16, 22, 30, 31, 32, 34, 35, 36, 39, 40, 41, 43, 44, 45, 46, 47, 48, 49, 50, 58, 59, 62, 63, 66, 67, 74, 83, 84, 92, 93, 99, 104, 138, 159, 182, 249, 272], "summary": {"covered_lines": 36, "num_statements": 36, "percent_covered": 100.0, "percent_covered_display": "100", "missing_lines": 0, "excluded_lines": 0, "percent_statements_covered": 100.0, "percent_statements_covered_display": "100"}, "missing_lines": [], "excluded_lines": []}}}, "src/services/youtube_client.py": {"executed_lines": [1, 7, 9, 12, 19, 20, 23, 24, 27, 46, 48, 49, 50, 51, 53], "summary": {"covered_lines": 12, "num_statements": 12, "percent_covered": 100.0, "percent_covered_display": "100", "missing_lines": 0, "excluded_lines": 0, "percent_statements_covered": 100.0, "percent_statements_covered_display": "100"}, "missing_lines": [], "excluded_lines": [], "functions": {"extract_video_id": {"executed_lines": [46, 48, 49, 50, 51, 53], "summary": {"covered_lines": 6, "num_statements": 6, "percent_covered": 100.0, "percent_covered_display": "100", "missing_lines": 0, "excluded_lines": 0, "percent_statements_covered": 100.0, "percent_statements_covered_display": "100"}, "missing_lines": [], "excluded_lines": []}, "": {"executed_lines": [1, 7, 9, 12, 19, 20, 23, 24, 27], "summary": {"covered_lines": 6, "num_statements": 6, "percent_covered": 100.0, "percent_covered_display": "100", "missing_lines": 0, "excluded_lines": 0, "percent_statements_covered": 100.0, "percent_statements_covered_display": "100"}, "missing_lines": [], "excluded_lines": []}}, "classes": {"YouTubeClientError": {"executed_lines": [], "summary": {"covered_lines": 0, "num_statements": 0, "percent_covered": 100.0, "percent_covered_display": "100", "missing_lines": 0, "excluded_lines": 0, "percent_statements_covered": 100.0, "percent_statements_covered_display": "100"}, "missing_lines": [], "excluded_lines": []}, "InvalidURLError": {"executed_lines": [], "summary": {"covered_lines": 0, "num_statements": 0, "percent_covered": 100.0, "percent_covered_display": "100", "missing_lines": 0, "excluded_lines": 0, "percent_statements_covered": 100.0, "percent_statements_covered_display": "100"}, "missing_lines": [], "excluded_lines": []}, "": {"executed_lines": [1, 7, 9, 12, 19, 20, 23, 24, 27, 46, 48, 49, 50, 51, 53], "summary": {"covered_lines": 12, "num_statements": 12, "percent_covered": 100.0, "percent_covered_display": "100", "missing_lines": 0, "excluded_lines": 0, "percent_statements_covered": 100.0, "percent_statements_covered_display": "100"}, "missing_lines": [], "excluded_lines": []}}}}, "totals": {"covered_lines": 344, "num_statements": 414, "percent_covered": 83.09178743961353, "percent_covered_display": "83", "missing_lines": 70, "excluded_lines": 0, "percent_statements_covered": 83.09178743961353, "percent_statements_covered_display": "83"}}